[2019-12-02T17:52:32.251] [ERROR] cheese - Cheese is too ripe!
[2019-12-02T17:52:32.253] [FATAL] cheese - Cheese was breeding ground for listeria.
[2019-12-02T17:52:49.502] [ERROR] cheese - Cheese is too ripe!
[2019-12-02T17:52:49.505] [FATAL] cheese - Cheese was breeding ground for listeria.
[2019-12-02T17:54:44.517] [ERROR] cheese - Cheese is too ripe!
[2019-12-02T17:54:44.519] [FATAL] cheese - Cheese was breeding ground for listeria.
[2019-12-02T18:44:21.557] [ERROR] cheese - Cheese is too ripe!
[2019-12-02T18:44:21.567] [FATAL] cheese - Cheese was breeding ground for listeria.
[2019-12-02T18:44:28.848] [ERROR] cheese - server error Error: bad content-type header, no multipart boundary
    at IncomingForm._parseContentType (/Users/unicareer/Documents/demo/shop/node_modules/formidable/lib/incoming_form.js:279:19)
    at IncomingForm.writeHeaders (/Users/unicareer/Documents/demo/shop/node_modules/formidable/lib/incoming_form.js:144:8)
    at IncomingForm.parse (/Users/unicareer/Documents/demo/shop/node_modules/formidable/lib/incoming_form.js:112:8)
    at /Users/unicareer/Documents/demo/shop/node_modules/koa-body/index.js:209:10
    at new Promise (<anonymous>)
    at formy (/Users/unicareer/Documents/demo/shop/node_modules/koa-body/index.js:174:10)
    at /Users/unicareer/Documents/demo/shop/node_modules/koa-body/index.js:101:25
    at next (/Users/unicareer/Documents/demo/shop/node_modules/koa-compose/index.js:42:32)
    at app.use (/Users/unicareer/Documents/demo/shop/server.js:27:9)
    at dispatch (/Users/unicareer/Documents/demo/shop/node_modules/koa-compose/index.js:42:32) { request:
   { method: 'POST',
     url: '/v1/test1',
     header:
      { host: '127.0.0.1:3030',
        connection: 'keep-alive',
        'content-length': '12',
        'cross-request-open-sign': '1',
        origin: 'chrome-extension://cmnlfmgbjmaciiopcgodlhpiklaghbok',
        'user-agent':
         'Mozilla/5.0 (Macintosh; Intel Mac OS X 10_15_1) AppleWebKit/537.36 (KHTML, like Gecko) Chrome/78.0.3904.108 Safari/537.36',
        'content-type': 'multipart/form-data',
        accept: '*/*',
        'sec-fetch-site': 'cross-site',
        'sec-fetch-mode': 'cors',
        'accept-encoding': 'gzip, deflate, br',
        'accept-language': 'zh-CN,zh;q=0.9,en;q=0.8',
        cookie:
         'sensorsdata2015jssdkcross=%7B%22distinct_id%22%3A%2216dd81bbddb506-01734aabea7703-1d3b6b55-2073600-16dd81bbddcdc1%22%2C%22%24device_id%22%3A%2216dd81bbddb506-01734aabea7703-1d3b6b55-2073600-16dd81bbddcdc1%22%2C%22props%22%3A%7B%22%24latest_traffic_source_type%22%3A%22url%E7%9A%84domain%E8%A7%A3%E6%9E%90%E5%A4%B1%E8%B4%A5%22%2C%22%24latest_search_keyword%22%3A%22url%E7%9A%84domain%E8%A7%A3%E6%9E%90%E5%A4%B1%E8%B4%A5%22%2C%22%24latest_referrer%22%3A%22url%E7%9A%84domain%E8%A7%A3%E6%9E%90%E5%A4%B1%E8%B4%A5%22%2C%22service%22%3A%22%E5%AE%98%E7%BD%91%22%7D%7D' } },
  response:
   { status: 404,
     message: 'Not Found',
     header: [Object: null prototype] {} },
  app: { subdomainOffset: 2, proxy: false, env: 'development' },
  originalUrl: '/v1/test1',
  req: '<original node req>',
  res: '<original node res>',
  socket: '<original node socket>' }
[2019-12-02T18:44:36.421] [ERROR] cheese - Cheese is too ripe!
[2019-12-02T18:44:36.424] [FATAL] cheese - Cheese was breeding ground for listeria.
[2019-12-02T18:44:39.652] [ERROR] cheese - server error Error: bad content-type header, no multipart boundary
    at IncomingForm._parseContentType (/Users/unicareer/Documents/demo/shop/node_modules/formidable/lib/incoming_form.js:279:19)
    at IncomingForm.writeHeaders (/Users/unicareer/Documents/demo/shop/node_modules/formidable/lib/incoming_form.js:144:8)
    at IncomingForm.parse (/Users/unicareer/Documents/demo/shop/node_modules/formidable/lib/incoming_form.js:112:8)
    at /Users/unicareer/Documents/demo/shop/node_modules/koa-body/index.js:209:10
    at new Promise (<anonymous>)
    at formy (/Users/unicareer/Documents/demo/shop/node_modules/koa-body/index.js:174:10)
    at /Users/unicareer/Documents/demo/shop/node_modules/koa-body/index.js:101:25
    at next (/Users/unicareer/Documents/demo/shop/node_modules/koa-compose/index.js:42:32)
    at app.use (/Users/unicareer/Documents/demo/shop/server.js:27:9)
    at dispatch (/Users/unicareer/Documents/demo/shop/node_modules/koa-compose/index.js:42:32) { request:
   { method: 'POST',
     url: '/v1/test1',
     header:
      { host: '127.0.0.1:3030',
        connection: 'keep-alive',
        'content-length': '12',
        'cross-request-open-sign': '1',
        origin: 'chrome-extension://cmnlfmgbjmaciiopcgodlhpiklaghbok',
        'user-agent':
         'Mozilla/5.0 (Macintosh; Intel Mac OS X 10_15_1) AppleWebKit/537.36 (KHTML, like Gecko) Chrome/78.0.3904.108 Safari/537.36',
        'content-type': 'multipart/form-data',
        accept: '*/*',
        'sec-fetch-site': 'cross-site',
        'sec-fetch-mode': 'cors',
        'accept-encoding': 'gzip, deflate, br',
        'accept-language': 'zh-CN,zh;q=0.9,en;q=0.8',
        cookie:
         'sensorsdata2015jssdkcross=%7B%22distinct_id%22%3A%2216dd81bbddb506-01734aabea7703-1d3b6b55-2073600-16dd81bbddcdc1%22%2C%22%24device_id%22%3A%2216dd81bbddb506-01734aabea7703-1d3b6b55-2073600-16dd81bbddcdc1%22%2C%22props%22%3A%7B%22%24latest_traffic_source_type%22%3A%22url%E7%9A%84domain%E8%A7%A3%E6%9E%90%E5%A4%B1%E8%B4%A5%22%2C%22%24latest_search_keyword%22%3A%22url%E7%9A%84domain%E8%A7%A3%E6%9E%90%E5%A4%B1%E8%B4%A5%22%2C%22%24latest_referrer%22%3A%22url%E7%9A%84domain%E8%A7%A3%E6%9E%90%E5%A4%B1%E8%B4%A5%22%2C%22service%22%3A%22%E5%AE%98%E7%BD%91%22%7D%7D' } },
  response:
   { status: 404,
     message: 'Not Found',
     header: [Object: null prototype] {} },
  app: { subdomainOffset: 2, proxy: false, env: 'development' },
  originalUrl: '/v1/test1',
  req: '<original node req>',
  res: '<original node res>',
  socket: '<original node socket>' }
